{"C:\\Users\\23028jaehee\\Desktop\\edu\\testproject\\src\\data_structure\\DoublyLinkedList.ts": {"path":"C:\\Users\\23028jaehee\\Desktop\\edu\\testproject\\src\\data_structure\\DoublyLinkedList.ts","statementMap":{"0":{"start":{"line":5,"column":36},"end":{"line":5,"column":40}},"1":{"start":{"line":6,"column":36},"end":{"line":6,"column":40}},"2":{"start":{"line":12,"column":4},"end":{"line":12,"column":21}},"3":{"start":{"line":13,"column":4},"end":{"line":13,"column":25}},"4":{"start":{"line":14,"column":4},"end":{"line":14,"column":25}},"5":{"start":{"line":25,"column":4},"end":{"line":25,"column":20}},"6":{"start":{"line":26,"column":4},"end":{"line":26,"column":22}},"7":{"start":{"line":27,"column":4},"end":{"line":27,"column":22}},"8":{"start":{"line":28,"column":4},"end":{"line":28,"column":56}},"9":{"start":{"line":32,"column":4},"end":{"line":32,"column":23}},"10":{"start":{"line":36,"column":4},"end":{"line":36,"column":22}},"11":{"start":{"line":40,"column":4},"end":{"line":40,"column":22}},"12":{"start":{"line":44,"column":20},"end":{"line":44,"column":40}},"13":{"start":{"line":46,"column":4},"end":{"line":50,"column":5}},"14":{"start":{"line":49,"column":6},"end":{"line":49,"column":27}},"15":{"start":{"line":52,"column":4},"end":{"line":52,"column":25}},"16":{"start":{"line":53,"column":4},"end":{"line":53,"column":18}},"17":{"start":{"line":57,"column":20},"end":{"line":57,"column":40}},"18":{"start":{"line":59,"column":4},"end":{"line":64,"column":5}},"19":{"start":{"line":60,"column":6},"end":{"line":60,"column":32}},"20":{"start":{"line":61,"column":6},"end":{"line":61,"column":32}},"21":{"start":{"line":68,"column":32},"end":{"line":68,"column":36}},"22":{"start":{"line":70,"column":4},"end":{"line":73,"column":5}},"23":{"start":{"line":71,"column":6},"end":{"line":71,"column":31}},"24":{"start":{"line":72,"column":6},"end":{"line":72,"column":30}},"25":{"start":{"line":75,"column":4},"end":{"line":75,"column":18}},"26":{"start":{"line":79,"column":32},"end":{"line":79,"column":36}},"27":{"start":{"line":81,"column":4},"end":{"line":83,"column":5}},"28":{"start":{"line":85,"column":4},"end":{"line":85,"column":18}},"29":{"start":{"line":89,"column":4},"end":{"line":93,"column":5}},"30":{"start":{"line":90,"column":6},"end":{"line":90,"column":29}},"31":{"start":{"line":92,"column":6},"end":{"line":92,"column":29}},"32":{"start":{"line":101,"column":4},"end":{"line":105,"column":5}},"33":{"start":{"line":102,"column":6},"end":{"line":102,"column":29}},"34":{"start":{"line":107,"column":4},"end":{"line":113,"column":5}},"35":{"start":{"line":110,"column":6},"end":{"line":112,"column":7}},"36":{"start":{"line":111,"column":8},"end":{"line":111,"column":35}},"37":{"start":{"line":115,"column":4},"end":{"line":115,"column":18}},"38":{"start":{"line":119,"column":4},"end":{"line":121,"column":5}},"39":{"start":{"line":119,"column":20},"end":{"line":119,"column":30}},"40":{"start":{"line":123,"column":4},"end":{"line":123,"column":16}},"41":{"start":{"line":127,"column":4},"end":{"line":129,"column":5}},"42":{"start":{"line":127,"column":20},"end":{"line":127,"column":30}},"43":{"start":{"line":131,"column":4},"end":{"line":131,"column":16}},"44":{"start":{"line":138,"column":4},"end":{"line":138,"column":17}},"45":{"start":{"line":147,"column":26},"end":{"line":147,"column":28}},"46":{"start":{"line":151,"column":4},"end":{"line":151,"column":15}}},"fnMap":{"0":{"name":"(anonymous_0)","decl":{"start":{"line":11,"column":2},"end":{"line":11,"column":14}},"loc":{"start":{"line":11,"column":114},"end":{"line":15,"column":3}}},"1":{"name":"(anonymous_1)","decl":{"start":{"line":24,"column":2},"end":{"line":24,"column":21}},"loc":{"start":{"line":24,"column":62},"end":{"line":29,"column":3}}},"2":{"name":"(anonymous_2)","decl":{"start":{"line":31,"column":2},"end":{"line":31,"column":13}},"loc":{"start":{"line":31,"column":18},"end":{"line":33,"column":3}}},"3":{"name":"(anonymous_3)","decl":{"start":{"line":35,"column":2},"end":{"line":35,"column":13}},"loc":{"start":{"line":35,"column":18},"end":{"line":37,"column":3}}},"4":{"name":"(anonymous_4)","decl":{"start":{"line":39,"column":2},"end":{"line":39,"column":13}},"loc":{"start":{"line":39,"column":17},"end":{"line":41,"column":3}}},"5":{"name":"(anonymous_5)","decl":{"start":{"line":43,"column":9},"end":{"line":43,"column":17}},"loc":{"start":{"line":43,"column":30},"end":{"line":54,"column":3}}},"6":{"name":"(anonymous_6)","decl":{"start":{"line":56,"column":9},"end":{"line":56,"column":16}},"loc":{"start":{"line":56,"column":29},"end":{"line":65,"column":3}}},"7":{"name":"(anonymous_7)","decl":{"start":{"line":67,"column":9},"end":{"line":67,"column":20}},"loc":{"start":{"line":67,"column":20},"end":{"line":76,"column":3}}},"8":{"name":"(anonymous_8)","decl":{"start":{"line":78,"column":9},"end":{"line":78,"column":19}},"loc":{"start":{"line":78,"column":19},"end":{"line":86,"column":3}}},"9":{"name":"(anonymous_9)","decl":{"start":{"line":88,"column":9},"end":{"line":88,"column":15}},"loc":{"start":{"line":88,"column":50},"end":{"line":94,"column":3}}},"10":{"name":"(anonymous_10)","decl":{"start":{"line":96,"column":10},"end":{"line":96,"column":20}},"loc":{"start":{"line":96,"column":33},"end":{"line":98,"column":3}}},"11":{"name":"(anonymous_11)","decl":{"start":{"line":100,"column":10},"end":{"line":100,"column":20}},"loc":{"start":{"line":100,"column":45},"end":{"line":116,"column":3}}},"12":{"name":"(anonymous_12)","decl":{"start":{"line":118,"column":9},"end":{"line":118,"column":13}},"loc":{"start":{"line":118,"column":26},"end":{"line":124,"column":3}}},"13":{"name":"(anonymous_13)","decl":{"start":{"line":126,"column":9},"end":{"line":126,"column":17}},"loc":{"start":{"line":126,"column":30},"end":{"line":132,"column":3}}},"14":{"name":"(anonymous_14)","decl":{"start":{"line":134,"column":9},"end":{"line":134,"column":17}},"loc":{"start":{"line":134,"column":30},"end":{"line":139,"column":3}}},"15":{"name":"(anonymous_15)","decl":{"start":{"line":141,"column":9},"end":{"line":141,"column":14}},"loc":{"start":{"line":141,"column":14},"end":{"line":144,"column":3}}},"16":{"name":"(anonymous_16)","decl":{"start":{"line":146,"column":9},"end":{"line":146,"column":16}},"loc":{"start":{"line":146,"column":16},"end":{"line":152,"column":3}}},"17":{"name":"(anonymous_17)","decl":{"start":{"line":154,"column":2},"end":{"line":154,"column":3}},"loc":{"start":{"line":154,"column":20},"end":{"line":156,"column":3}}}},"branchMap":{"0":{"loc":{"start":{"line":11,"column":28},"end":{"line":11,"column":70}},"type":"default-arg","locations":[{"start":{"line":11,"column":66},"end":{"line":11,"column":70}}]},"1":{"loc":{"start":{"line":11,"column":72},"end":{"line":11,"column":114}},"type":"default-arg","locations":[{"start":{"line":11,"column":110},"end":{"line":11,"column":114}}]},"2":{"loc":{"start":{"line":24,"column":21},"end":{"line":24,"column":62}},"type":"default-arg","locations":[{"start":{"line":24,"column":58},"end":{"line":24,"column":62}}]},"3":{"loc":{"start":{"line":28,"column":21},"end":{"line":28,"column":55}},"type":"binary-expr","locations":[{"start":{"line":28,"column":21},"end":{"line":28,"column":29}},{"start":{"line":28,"column":33},"end":{"line":28,"column":55}}]},"4":{"loc":{"start":{"line":46,"column":4},"end":{"line":50,"column":5}},"type":"if","locations":[{"start":{"line":46,"column":4},"end":{"line":50,"column":5}},{"start":{"line":48,"column":11},"end":{"line":50,"column":5}}]},"5":{"loc":{"start":{"line":59,"column":4},"end":{"line":64,"column":5}},"type":"if","locations":[{"start":{"line":59,"column":4},"end":{"line":64,"column":5}},{"start":{"line":62,"column":11},"end":{"line":64,"column":5}}]},"6":{"loc":{"start":{"line":70,"column":4},"end":{"line":73,"column":5}},"type":"if","locations":[{"start":{"line":70,"column":4},"end":{"line":73,"column":5}}]},"7":{"loc":{"start":{"line":81,"column":4},"end":{"line":83,"column":5}},"type":"if","locations":[{"start":{"line":81,"column":4},"end":{"line":83,"column":5}}]},"8":{"loc":{"start":{"line":89,"column":4},"end":{"line":93,"column":5}},"type":"if","locations":[{"start":{"line":89,"column":4},"end":{"line":93,"column":5}},{"start":{"line":91,"column":11},"end":{"line":93,"column":5}}]},"9":{"loc":{"start":{"line":101,"column":4},"end":{"line":105,"column":5}},"type":"if","locations":[{"start":{"line":101,"column":4},"end":{"line":105,"column":5}},{"start":{"line":103,"column":11},"end":{"line":105,"column":5}}]},"10":{"loc":{"start":{"line":107,"column":4},"end":{"line":113,"column":5}},"type":"if","locations":[{"start":{"line":107,"column":4},"end":{"line":113,"column":5}},{"start":{"line":109,"column":11},"end":{"line":113,"column":5}}]},"11":{"loc":{"start":{"line":110,"column":6},"end":{"line":112,"column":7}},"type":"if","locations":[{"start":{"line":110,"column":6},"end":{"line":112,"column":7}}]}},"s":{"0":14,"1":14,"2":14,"3":14,"4":14,"5":4,"6":4,"7":4,"8":4,"9":0,"10":0,"11":0,"12":3,"13":3,"14":1,"15":3,"16":3,"17":11,"18":11,"19":0,"20":0,"21":1,"22":1,"23":0,"24":0,"25":1,"26":0,"27":0,"28":0,"29":2,"30":0,"31":2,"32":0,"33":0,"34":0,"35":0,"36":0,"37":0,"38":0,"39":0,"40":0,"41":0,"42":0,"43":0,"44":0,"45":2,"46":2},"f":{"0":14,"1":4,"2":0,"3":0,"4":0,"5":3,"6":11,"7":1,"8":0,"9":2,"10":2,"11":0,"12":0,"13":0,"14":0,"15":0,"16":2,"17":0},"b":{"0":[14],"1":[14],"2":[3],"3":[4,3],"4":[2,1],"5":[0,11],"6":[0],"7":[0],"8":[0,2],"9":[0,0],"10":[0,0],"11":[0]}}
,"C:\\Users\\23028jaehee\\Desktop\\edu\\testproject\\src\\data_structure\\HashDictionary.ts": {"path":"C:\\Users\\23028jaehee\\Desktop\\edu\\testproject\\src\\data_structure\\HashDictionary.ts","statementMap":{"0":{"start":{"line":10,"column":4},"end":{"line":10,"column":19}},"1":{"start":{"line":11,"column":4},"end":{"line":11,"column":23}},"2":{"start":{"line":22,"column":4},"end":{"line":22,"column":22}},"3":{"start":{"line":23,"column":4},"end":{"line":23,"column":23}},"4":{"start":{"line":24,"column":4},"end":{"line":24,"column":56}},"5":{"start":{"line":25,"column":4},"end":{"line":25,"column":25}},"6":{"start":{"line":29,"column":4},"end":{"line":29,"column":32}},"7":{"start":{"line":33,"column":4},"end":{"line":33,"column":44}},"8":{"start":{"line":41,"column":4},"end":{"line":41,"column":78}},"9":{"start":{"line":45,"column":18},"end":{"line":45,"column":37}},"10":{"start":{"line":46,"column":4},"end":{"line":52,"column":5}},"11":{"start":{"line":47,"column":6},"end":{"line":49,"column":7}},"12":{"start":{"line":48,"column":8},"end":{"line":48,"column":80}},"13":{"start":{"line":51,"column":6},"end":{"line":51,"column":18}},"14":{"start":{"line":54,"column":4},"end":{"line":54,"column":23}},"15":{"start":{"line":59,"column":4},"end":{"line":61,"column":5}},"16":{"start":{"line":60,"column":6},"end":{"line":60,"column":62}},"17":{"start":{"line":63,"column":18},"end":{"line":63,"column":42}},"18":{"start":{"line":64,"column":23},"end":{"line":64,"column":42}},"19":{"start":{"line":66,"column":4},"end":{"line":80,"column":5}},"20":{"start":{"line":72,"column":6},"end":{"line":79,"column":7}},"21":{"start":{"line":73,"column":8},"end":{"line":75,"column":9}},"22":{"start":{"line":74,"column":10},"end":{"line":74,"column":103}},"23":{"start":{"line":78,"column":8},"end":{"line":78,"column":21}},"24":{"start":{"line":83,"column":4},"end":{"line":83,"column":16}},"25":{"start":{"line":93,"column":4},"end":{"line":93,"column":17}},"26":{"start":{"line":97,"column":46},"end":{"line":97,"column":48}},"27":{"start":{"line":103,"column":4},"end":{"line":103,"column":15}},"28":{"start":{"line":111,"column":20},"end":{"line":111,"column":57}},"29":{"start":{"line":112,"column":22},"end":{"line":112,"column":24}},"30":{"start":{"line":114,"column":4},"end":{"line":121,"column":5}},"31":{"start":{"line":115,"column":6},"end":{"line":120,"column":7}},"32":{"start":{"line":129,"column":23},"end":{"line":129,"column":47}},"33":{"start":{"line":130,"column":4},"end":{"line":132,"column":5}},"34":{"start":{"line":134,"column":4},"end":{"line":134,"column":16}},"35":{"start":{"line":138,"column":24},"end":{"line":138,"column":48}},"36":{"start":{"line":139,"column":4},"end":{"line":139,"column":37}},"37":{"start":{"line":143,"column":21},"end":{"line":143,"column":52}},"38":{"start":{"line":145,"column":4},"end":{"line":145,"column":39}},"39":{"start":{"line":150,"column":47},"end":{"line":150,"column":149}},"40":{"start":{"line":152,"column":39},"end":{"line":152,"column":40}},"41":{"start":{"line":153,"column":40},"end":{"line":153,"column":44}},"42":{"start":{"line":156,"column":18},"end":{"line":156,"column":61}},"43":{"start":{"line":156,"column":48},"end":{"line":156,"column":60}},"44":{"start":{"line":157,"column":4},"end":{"line":159,"column":5}},"45":{"start":{"line":158,"column":6},"end":{"line":158,"column":17}},"46":{"start":{"line":161,"column":4},"end":{"line":161,"column":17}}},"fnMap":{"0":{"name":"(anonymous_0)","decl":{"start":{"line":9,"column":2},"end":{"line":9,"column":14}},"loc":{"start":{"line":9,"column":38},"end":{"line":12,"column":3}}},"1":{"name":"(anonymous_1)","decl":{"start":{"line":21,"column":2},"end":{"line":21,"column":21}},"loc":{"start":{"line":21,"column":60},"end":{"line":26,"column":3}}},"2":{"name":"(anonymous_2)","decl":{"start":{"line":28,"column":2},"end":{"line":28,"column":13}},"loc":{"start":{"line":28,"column":18},"end":{"line":30,"column":3}}},"3":{"name":"(anonymous_3)","decl":{"start":{"line":32,"column":2},"end":{"line":32,"column":13}},"loc":{"start":{"line":32,"column":17},"end":{"line":34,"column":3}}},"4":{"name":"(anonymous_4)","decl":{"start":{"line":36,"column":9},"end":{"line":36,"column":20}},"loc":{"start":{"line":36,"column":30},"end":{"line":42,"column":3}}},"5":{"name":"(anonymous_5)","decl":{"start":{"line":44,"column":9},"end":{"line":44,"column":17}},"loc":{"start":{"line":44,"column":48},"end":{"line":55,"column":3}}},"6":{"name":"(anonymous_6)","decl":{"start":{"line":57,"column":9},"end":{"line":57,"column":17}},"loc":{"start":{"line":57,"column":71},"end":{"line":84,"column":3}}},"7":{"name":"(anonymous_7)","decl":{"start":{"line":86,"column":9},"end":{"line":86,"column":12}},"loc":{"start":{"line":86,"column":37},"end":{"line":88,"column":3}}},"8":{"name":"(anonymous_8)","decl":{"start":{"line":90,"column":9},"end":{"line":90,"column":15}},"loc":{"start":{"line":90,"column":27},"end":{"line":94,"column":3}}},"9":{"name":"(anonymous_9)","decl":{"start":{"line":96,"column":9},"end":{"line":96,"column":16}},"loc":{"start":{"line":96,"column":16},"end":{"line":104,"column":3}}},"10":{"name":"(anonymous_10)","decl":{"start":{"line":106,"column":2},"end":{"line":106,"column":3}},"loc":{"start":{"line":106,"column":20},"end":{"line":108,"column":3}}},"11":{"name":"(anonymous_11)","decl":{"start":{"line":110,"column":10},"end":{"line":110,"column":16}},"loc":{"start":{"line":110,"column":33},"end":{"line":126,"column":3}}},"12":{"name":"(anonymous_12)","decl":{"start":{"line":128,"column":10},"end":{"line":128,"column":19}},"loc":{"start":{"line":128,"column":29},"end":{"line":135,"column":3}}},"13":{"name":"(anonymous_13)","decl":{"start":{"line":137,"column":10},"end":{"line":137,"column":24}},"loc":{"start":{"line":137,"column":34},"end":{"line":140,"column":3}}},"14":{"name":"(anonymous_14)","decl":{"start":{"line":142,"column":10},"end":{"line":142,"column":24}},"loc":{"start":{"line":142,"column":34},"end":{"line":146,"column":3}}},"15":{"name":"(anonymous_15)","decl":{"start":{"line":155,"column":9},"end":{"line":155,"column":15}},"loc":{"start":{"line":155,"column":36},"end":{"line":162,"column":3}}},"16":{"name":"(anonymous_16)","decl":{"start":{"line":156,"column":37},"end":{"line":156,"column":38}},"loc":{"start":{"line":156,"column":48},"end":{"line":156,"column":60}}}},"branchMap":{"0":{"loc":{"start":{"line":21,"column":21},"end":{"line":21,"column":60}},"type":"default-arg","locations":[{"start":{"line":21,"column":56},"end":{"line":21,"column":60}}]},"1":{"loc":{"start":{"line":24,"column":21},"end":{"line":24,"column":55}},"type":"binary-expr","locations":[{"start":{"line":24,"column":21},"end":{"line":24,"column":29}},{"start":{"line":24,"column":33},"end":{"line":24,"column":55}}]},"2":{"loc":{"start":{"line":46,"column":4},"end":{"line":52,"column":5}},"type":"if","locations":[{"start":{"line":46,"column":4},"end":{"line":52,"column":5}}]},"3":{"loc":{"start":{"line":47,"column":6},"end":{"line":49,"column":7}},"type":"if","locations":[{"start":{"line":47,"column":6},"end":{"line":49,"column":7}}]},"4":{"loc":{"start":{"line":57,"column":44},"end":{"line":57,"column":71}},"type":"default-arg","locations":[{"start":{"line":57,"column":66},"end":{"line":57,"column":71}}]},"5":{"loc":{"start":{"line":59,"column":4},"end":{"line":61,"column":5}},"type":"if","locations":[{"start":{"line":59,"column":4},"end":{"line":61,"column":5}}]},"6":{"loc":{"start":{"line":66,"column":4},"end":{"line":80,"column":5}},"type":"if","locations":[{"start":{"line":66,"column":4},"end":{"line":80,"column":5}},{"start":{"line":68,"column":11},"end":{"line":80,"column":5}}]},"7":{"loc":{"start":{"line":72,"column":6},"end":{"line":79,"column":7}},"type":"if","locations":[{"start":{"line":72,"column":6},"end":{"line":79,"column":7}}]},"8":{"loc":{"start":{"line":73,"column":8},"end":{"line":75,"column":9}},"type":"if","locations":[{"start":{"line":73,"column":8},"end":{"line":75,"column":9}}]},"9":{"loc":{"start":{"line":157,"column":4},"end":{"line":159,"column":5}},"type":"if","locations":[{"start":{"line":157,"column":4},"end":{"line":159,"column":5}}]}},"s":{"0":4,"1":4,"2":1,"3":1,"4":1,"5":1,"6":1,"7":0,"8":1,"9":0,"10":0,"11":0,"12":0,"13":0,"14":0,"15":1,"16":0,"17":1,"18":1,"19":1,"20":0,"21":0,"22":0,"23":0,"24":1,"25":1,"26":1,"27":1,"28":0,"29":0,"30":0,"31":0,"32":0,"33":0,"34":0,"35":0,"36":0,"37":1,"38":1,"39":1,"40":1,"41":1,"42":0,"43":0,"44":0,"45":0,"46":0},"f":{"0":4,"1":1,"2":1,"3":0,"4":1,"5":0,"6":1,"7":6,"8":1,"9":1,"10":0,"11":0,"12":0,"13":0,"14":1,"15":0,"16":0},"b":{"0":[0],"1":[1,0],"2":[0],"3":[0],"4":[1],"5":[0],"6":[1,0],"7":[0],"8":[0],"9":[0]}}
,"C:\\Users\\23028jaehee\\Desktop\\edu\\testproject\\src\\data_structure\\MyArray.ts": {"path":"C:\\Users\\23028jaehee\\Desktop\\edu\\testproject\\src\\data_structure\\MyArray.ts","statementMap":{"0":{"start":{"line":7,"column":4},"end":{"line":7,"column":21}},"1":{"start":{"line":11,"column":4},"end":{"line":11,"column":27}},"2":{"start":{"line":19,"column":4},"end":{"line":21,"column":5}},"3":{"start":{"line":20,"column":6},"end":{"line":20,"column":36}},"4":{"start":{"line":23,"column":21},"end":{"line":23,"column":39}},"5":{"start":{"line":24,"column":4},"end":{"line":26,"column":5}},"6":{"start":{"line":25,"column":6},"end":{"line":25,"column":36}},"7":{"start":{"line":28,"column":4},"end":{"line":32,"column":5}},"8":{"start":{"line":28,"column":21},"end":{"line":28,"column":31}},"9":{"start":{"line":29,"column":6},"end":{"line":31,"column":7}},"10":{"start":{"line":30,"column":8},"end":{"line":30,"column":21}},"11":{"start":{"line":34,"column":4},"end":{"line":34,"column":14}},"12":{"start":{"line":42,"column":4},"end":{"line":44,"column":5}},"13":{"start":{"line":43,"column":6},"end":{"line":43,"column":36}},"14":{"start":{"line":46,"column":4},"end":{"line":48,"column":5}},"15":{"start":{"line":47,"column":6},"end":{"line":47,"column":36}},"16":{"start":{"line":50,"column":21},"end":{"line":50,"column":39}},"17":{"start":{"line":51,"column":4},"end":{"line":55,"column":5}},"18":{"start":{"line":51,"column":21},"end":{"line":51,"column":31}},"19":{"start":{"line":52,"column":6},"end":{"line":54,"column":7}},"20":{"start":{"line":53,"column":8},"end":{"line":53,"column":21}},"21":{"start":{"line":57,"column":4},"end":{"line":57,"column":14}}},"fnMap":{"0":{"name":"(anonymous_0)","decl":{"start":{"line":6,"column":2},"end":{"line":6,"column":null}},"loc":{"start":{"line":6,"column":2},"end":{"line":8,"column":3}}},"1":{"name":"(anonymous_1)","decl":{"start":{"line":10,"column":9},"end":{"line":10,"column":13}},"loc":{"start":{"line":10,"column":23},"end":{"line":12,"column":3}}},"2":{"name":"(anonymous_2)","decl":{"start":{"line":18,"column":9},"end":{"line":18,"column":20}},"loc":{"start":{"line":18,"column":110},"end":{"line":35,"column":3}}},"3":{"name":"(anonymous_3)","decl":{"start":{"line":41,"column":9},"end":{"line":41,"column":24}},"loc":{"start":{"line":41,"column":101},"end":{"line":58,"column":3}}}},"branchMap":{"0":{"loc":{"start":{"line":18,"column":39},"end":{"line":18,"column":61}},"type":"default-arg","locations":[{"start":{"line":18,"column":60},"end":{"line":18,"column":61}}]},"1":{"loc":{"start":{"line":18,"column":63},"end":{"line":18,"column":110}},"type":"default-arg","locations":[{"start":{"line":18,"column":79},"end":{"line":18,"column":110}}]},"2":{"loc":{"start":{"line":19,"column":4},"end":{"line":21,"column":5}},"type":"if","locations":[{"start":{"line":19,"column":4},"end":{"line":21,"column":5}}]},"3":{"loc":{"start":{"line":24,"column":4},"end":{"line":26,"column":5}},"type":"if","locations":[{"start":{"line":24,"column":4},"end":{"line":26,"column":5}}]},"4":{"loc":{"start":{"line":24,"column":8},"end":{"line":24,"column":50}},"type":"binary-expr","locations":[{"start":{"line":24,"column":8},"end":{"line":24,"column":17}},{"start":{"line":24,"column":21},"end":{"line":24,"column":50}}]},"5":{"loc":{"start":{"line":29,"column":6},"end":{"line":31,"column":7}},"type":"if","locations":[{"start":{"line":29,"column":6},"end":{"line":31,"column":7}}]},"6":{"loc":{"start":{"line":41,"column":43},"end":{"line":41,"column":65}},"type":"default-arg","locations":[{"start":{"line":41,"column":64},"end":{"line":41,"column":65}}]},"7":{"loc":{"start":{"line":41,"column":67},"end":{"line":41,"column":101}},"type":"default-arg","locations":[{"start":{"line":41,"column":83},"end":{"line":41,"column":101}}]},"8":{"loc":{"start":{"line":42,"column":4},"end":{"line":44,"column":5}},"type":"if","locations":[{"start":{"line":42,"column":4},"end":{"line":44,"column":5}}]},"9":{"loc":{"start":{"line":46,"column":4},"end":{"line":48,"column":5}},"type":"if","locations":[{"start":{"line":46,"column":4},"end":{"line":48,"column":5}}]},"10":{"loc":{"start":{"line":46,"column":8},"end":{"line":46,"column":60}},"type":"binary-expr","locations":[{"start":{"line":46,"column":8},"end":{"line":46,"column":17}},{"start":{"line":46,"column":21},"end":{"line":46,"column":60}}]},"11":{"loc":{"start":{"line":52,"column":6},"end":{"line":54,"column":7}},"type":"if","locations":[{"start":{"line":52,"column":6},"end":{"line":54,"column":7}}]}},"s":{"0":1,"1":3,"2":3,"3":0,"4":3,"5":3,"6":0,"7":3,"8":3,"9":4,"10":2,"11":1,"12":0,"13":0,"14":0,"15":0,"16":0,"17":0,"18":0,"19":0,"20":0,"21":0},"f":{"0":1,"1":3,"2":3,"3":0},"b":{"0":[1],"1":[2],"2":[0],"3":[0],"4":[3,3],"5":[2],"6":[0],"7":[0],"8":[0],"9":[0],"10":[0,0],"11":[0]}}
,"C:\\Users\\23028jaehee\\Desktop\\edu\\testproject\\src\\data_structure\\Queue.ts": {"path":"C:\\Users\\23028jaehee\\Desktop\\edu\\testproject\\src\\data_structure\\Queue.ts","statementMap":{"0":{"start":{"line":7,"column":4},"end":{"line":7,"column":46}},"1":{"start":{"line":11,"column":4},"end":{"line":11,"column":34}},"2":{"start":{"line":15,"column":4},"end":{"line":15,"column":35}},"3":{"start":{"line":21,"column":4},"end":{"line":21,"column":31}},"4":{"start":{"line":27,"column":4},"end":{"line":27,"column":31}},"5":{"start":{"line":31,"column":26},"end":{"line":31,"column":28}},"6":{"start":{"line":35,"column":4},"end":{"line":35,"column":15}}},"fnMap":{"0":{"name":"(anonymous_0)","decl":{"start":{"line":6,"column":2},"end":{"line":6,"column":null}},"loc":{"start":{"line":6,"column":2},"end":{"line":8,"column":3}}},"1":{"name":"(anonymous_1)","decl":{"start":{"line":10,"column":2},"end":{"line":10,"column":13}},"loc":{"start":{"line":10,"column":18},"end":{"line":12,"column":3}}},"2":{"name":"(anonymous_2)","decl":{"start":{"line":14,"column":9},"end":{"line":14,"column":16}},"loc":{"start":{"line":14,"column":29},"end":{"line":16,"column":3}}},"3":{"name":"(anonymous_3)","decl":{"start":{"line":18,"column":9},"end":{"line":18,"column":16}},"loc":{"start":{"line":18,"column":16},"end":{"line":22,"column":3}}},"4":{"name":"(anonymous_4)","decl":{"start":{"line":24,"column":9},"end":{"line":24,"column":13}},"loc":{"start":{"line":24,"column":13},"end":{"line":28,"column":3}}},"5":{"name":"(anonymous_5)","decl":{"start":{"line":30,"column":9},"end":{"line":30,"column":16}},"loc":{"start":{"line":30,"column":16},"end":{"line":36,"column":3}}},"6":{"name":"(anonymous_6)","decl":{"start":{"line":38,"column":9},"end":{"line":38,"column":14}},"loc":{"start":{"line":38,"column":14},"end":{"line":40,"column":3}}},"7":{"name":"(anonymous_7)","decl":{"start":{"line":42,"column":2},"end":{"line":42,"column":3}},"loc":{"start":{"line":42,"column":20},"end":{"line":44,"column":3}}}},"branchMap":{},"s":{"0":1,"1":0,"2":3,"3":1,"4":1,"5":2,"6":2},"f":{"0":1,"1":0,"2":3,"3":1,"4":1,"5":2,"6":0,"7":0},"b":{}}
,"C:\\Users\\23028jaehee\\Desktop\\edu\\testproject\\src\\data_structure\\SinglyLinkedList.ts": {"path":"C:\\Users\\23028jaehee\\Desktop\\edu\\testproject\\src\\data_structure\\SinglyLinkedList.ts","statementMap":{"0":{"start":{"line":2,"column":36},"end":{"line":2,"column":40}},"1":{"start":{"line":8,"column":4},"end":{"line":8,"column":21}},"2":{"start":{"line":9,"column":4},"end":{"line":9,"column":25}},"3":{"start":{"line":19,"column":4},"end":{"line":19,"column":20}},"4":{"start":{"line":20,"column":4},"end":{"line":20,"column":22}},"5":{"start":{"line":21,"column":4},"end":{"line":21,"column":22}},"6":{"start":{"line":25,"column":4},"end":{"line":25,"column":23}},"7":{"start":{"line":29,"column":4},"end":{"line":29,"column":22}},"8":{"start":{"line":33,"column":4},"end":{"line":33,"column":22}},"9":{"start":{"line":37,"column":4},"end":{"line":39,"column":5}},"10":{"start":{"line":45,"column":4},"end":{"line":49,"column":5}},"11":{"start":{"line":53,"column":32},"end":{"line":53,"column":36}},"12":{"start":{"line":54,"column":4},"end":{"line":61,"column":5}},"13":{"start":{"line":55,"column":6},"end":{"line":55,"column":31}},"14":{"start":{"line":63,"column":4},"end":{"line":63,"column":18}},"15":{"start":{"line":72,"column":26},"end":{"line":72,"column":28}},"16":{"start":{"line":76,"column":4},"end":{"line":76,"column":15}}},"fnMap":{"0":{"name":"(anonymous_0)","decl":{"start":{"line":7,"column":2},"end":{"line":7,"column":14}},"loc":{"start":{"line":7,"column":70},"end":{"line":10,"column":3}}},"1":{"name":"(anonymous_1)","decl":{"start":{"line":18,"column":2},"end":{"line":18,"column":null}},"loc":{"start":{"line":18,"column":2},"end":{"line":22,"column":3}}},"2":{"name":"(anonymous_2)","decl":{"start":{"line":24,"column":2},"end":{"line":24,"column":13}},"loc":{"start":{"line":24,"column":18},"end":{"line":26,"column":3}}},"3":{"name":"(anonymous_3)","decl":{"start":{"line":28,"column":2},"end":{"line":28,"column":13}},"loc":{"start":{"line":28,"column":18},"end":{"line":30,"column":3}}},"4":{"name":"(anonymous_4)","decl":{"start":{"line":32,"column":2},"end":{"line":32,"column":13}},"loc":{"start":{"line":32,"column":17},"end":{"line":34,"column":3}}},"5":{"name":"(anonymous_5)","decl":{"start":{"line":36,"column":9},"end":{"line":36,"column":17}},"loc":{"start":{"line":36,"column":30},"end":{"line":42,"column":3}}},"6":{"name":"(anonymous_6)","decl":{"start":{"line":44,"column":9},"end":{"line":44,"column":16}},"loc":{"start":{"line":44,"column":29},"end":{"line":50,"column":3}}},"7":{"name":"(anonymous_7)","decl":{"start":{"line":52,"column":9},"end":{"line":52,"column":20}},"loc":{"start":{"line":52,"column":20},"end":{"line":64,"column":3}}},"8":{"name":"(anonymous_8)","decl":{"start":{"line":66,"column":9},"end":{"line":66,"column":14}},"loc":{"start":{"line":66,"column":14},"end":{"line":69,"column":3}}},"9":{"name":"(anonymous_9)","decl":{"start":{"line":71,"column":9},"end":{"line":71,"column":16}},"loc":{"start":{"line":71,"column":16},"end":{"line":77,"column":3}}},"10":{"name":"(anonymous_10)","decl":{"start":{"line":79,"column":2},"end":{"line":79,"column":3}},"loc":{"start":{"line":79,"column":20},"end":{"line":81,"column":3}}}},"branchMap":{"0":{"loc":{"start":{"line":7,"column":28},"end":{"line":7,"column":70}},"type":"default-arg","locations":[{"start":{"line":7,"column":66},"end":{"line":7,"column":70}}]},"1":{"loc":{"start":{"line":37,"column":4},"end":{"line":39,"column":5}},"type":"if","locations":[{"start":{"line":37,"column":4},"end":{"line":39,"column":5}}]},"2":{"loc":{"start":{"line":45,"column":4},"end":{"line":49,"column":5}},"type":"if","locations":[{"start":{"line":45,"column":4},"end":{"line":49,"column":5}},{"start":{"line":47,"column":11},"end":{"line":49,"column":5}}]},"3":{"loc":{"start":{"line":54,"column":4},"end":{"line":61,"column":5}},"type":"if","locations":[{"start":{"line":54,"column":4},"end":{"line":61,"column":5}}]}},"s":{"0":0,"1":0,"2":0,"3":1,"4":1,"5":1,"6":0,"7":0,"8":0,"9":0,"10":3,"11":1,"12":1,"13":0,"14":1,"15":2,"16":2},"f":{"0":0,"1":1,"2":0,"3":0,"4":0,"5":0,"6":3,"7":1,"8":0,"9":2,"10":0},"b":{"0":[0],"1":[0],"2":[0,3],"3":[0]}}
,"C:\\Users\\23028jaehee\\Desktop\\edu\\testproject\\src\\data_structure\\Stack.ts": {"path":"C:\\Users\\23028jaehee\\Desktop\\edu\\testproject\\src\\data_structure\\Stack.ts","statementMap":{"0":{"start":{"line":7,"column":4},"end":{"line":7,"column":46}},"1":{"start":{"line":11,"column":4},"end":{"line":11,"column":34}},"2":{"start":{"line":17,"column":4},"end":{"line":17,"column":31}},"3":{"start":{"line":21,"column":4},"end":{"line":21,"column":36}},"4":{"start":{"line":27,"column":4},"end":{"line":27,"column":31}},"5":{"start":{"line":31,"column":26},"end":{"line":31,"column":28}},"6":{"start":{"line":35,"column":4},"end":{"line":35,"column":15}}},"fnMap":{"0":{"name":"(anonymous_0)","decl":{"start":{"line":6,"column":2},"end":{"line":6,"column":null}},"loc":{"start":{"line":6,"column":2},"end":{"line":8,"column":3}}},"1":{"name":"(anonymous_1)","decl":{"start":{"line":10,"column":2},"end":{"line":10,"column":13}},"loc":{"start":{"line":10,"column":18},"end":{"line":12,"column":3}}},"2":{"name":"(anonymous_2)","decl":{"start":{"line":14,"column":9},"end":{"line":14,"column":13}},"loc":{"start":{"line":14,"column":13},"end":{"line":18,"column":3}}},"3":{"name":"(anonymous_3)","decl":{"start":{"line":20,"column":9},"end":{"line":20,"column":13}},"loc":{"start":{"line":20,"column":26},"end":{"line":22,"column":3}}},"4":{"name":"(anonymous_4)","decl":{"start":{"line":24,"column":9},"end":{"line":24,"column":12}},"loc":{"start":{"line":24,"column":12},"end":{"line":28,"column":3}}},"5":{"name":"(anonymous_5)","decl":{"start":{"line":30,"column":9},"end":{"line":30,"column":16}},"loc":{"start":{"line":30,"column":16},"end":{"line":36,"column":3}}},"6":{"name":"(anonymous_6)","decl":{"start":{"line":38,"column":9},"end":{"line":38,"column":14}},"loc":{"start":{"line":38,"column":14},"end":{"line":40,"column":3}}},"7":{"name":"(anonymous_7)","decl":{"start":{"line":42,"column":2},"end":{"line":42,"column":3}},"loc":{"start":{"line":42,"column":20},"end":{"line":44,"column":3}}}},"branchMap":{},"s":{"0":1,"1":0,"2":1,"3":3,"4":1,"5":2,"6":2},"f":{"0":1,"1":0,"2":1,"3":3,"4":1,"5":2,"6":0,"7":0},"b":{}}
,"C:\\Users\\23028jaehee\\Desktop\\edu\\testproject\\src\\util\\DefaultGenericComparer.ts": {"path":"C:\\Users\\23028jaehee\\Desktop\\edu\\testproject\\src\\util\\DefaultGenericComparer.ts","statementMap":{"0":{"start":{"line":5,"column":4},"end":{"line":5,"column":29}},"1":{"start":{"line":9,"column":17},"end":{"line":9,"column":38}},"2":{"start":{"line":10,"column":4},"end":{"line":10,"column":75}},"3":{"start":{"line":10,"column":47},"end":{"line":10,"column":70}},"4":{"start":{"line":14,"column":17},"end":{"line":14,"column":45}}},"fnMap":{"0":{"name":"(anonymous_0)","decl":{"start":{"line":4,"column":9},"end":{"line":4,"column":15}},"loc":{"start":{"line":4,"column":46},"end":{"line":6,"column":3}}},"1":{"name":"(anonymous_1)","decl":{"start":{"line":8,"column":9},"end":{"line":8,"column":20}},"loc":{"start":{"line":8,"column":34},"end":{"line":11,"column":3}}},"2":{"name":"(anonymous_2)","decl":{"start":{"line":10,"column":33},"end":{"line":10,"column":34}},"loc":{"start":{"line":10,"column":47},"end":{"line":10,"column":70}}}},"branchMap":{},"s":{"0":0,"1":0,"2":0,"3":0,"4":4},"f":{"0":0,"1":0,"2":0},"b":{}}
,"C:\\Users\\23028jaehee\\Desktop\\edu\\testproject\\src\\util\\StringIgnoreCaseComparer.ts": {"path":"C:\\Users\\23028jaehee\\Desktop\\edu\\testproject\\src\\util\\StringIgnoreCaseComparer.ts","statementMap":{"0":{"start":{"line":5,"column":4},"end":{"line":5,"column":57}},"1":{"start":{"line":9,"column":4},"end":{"line":9,"column":76}},"2":{"start":{"line":9,"column":48},"end":{"line":9,"column":71}},"3":{"start":{"line":13,"column":17},"end":{"line":13,"column":47}}},"fnMap":{"0":{"name":"(anonymous_0)","decl":{"start":{"line":4,"column":9},"end":{"line":4,"column":15}},"loc":{"start":{"line":4,"column":46},"end":{"line":6,"column":3}}},"1":{"name":"(anonymous_1)","decl":{"start":{"line":8,"column":9},"end":{"line":8,"column":20}},"loc":{"start":{"line":8,"column":34},"end":{"line":10,"column":3}}},"2":{"name":"(anonymous_2)","decl":{"start":{"line":9,"column":34},"end":{"line":9,"column":35}},"loc":{"start":{"line":9,"column":48},"end":{"line":9,"column":71}}}},"branchMap":{},"s":{"0":0,"1":1,"2":2,"3":2},"f":{"0":0,"1":1,"2":2},"b":{}}
}
