TN:
SF:src\data_structure\DoublyLinkedList.ts
FN:11,(anonymous_0)
FN:24,(anonymous_1)
FN:31,(anonymous_2)
FN:35,(anonymous_3)
FN:39,(anonymous_4)
FN:43,(anonymous_5)
FN:56,(anonymous_6)
FN:67,(anonymous_7)
FN:78,(anonymous_8)
FN:88,(anonymous_9)
FN:96,(anonymous_10)
FN:100,(anonymous_11)
FN:118,(anonymous_12)
FN:126,(anonymous_13)
FN:134,(anonymous_14)
FN:141,(anonymous_15)
FN:146,(anonymous_16)
FN:154,(anonymous_17)
FNF:18
FNH:8
FNDA:14,(anonymous_0)
FNDA:4,(anonymous_1)
FNDA:0,(anonymous_2)
FNDA:0,(anonymous_3)
FNDA:0,(anonymous_4)
FNDA:3,(anonymous_5)
FNDA:11,(anonymous_6)
FNDA:1,(anonymous_7)
FNDA:0,(anonymous_8)
FNDA:2,(anonymous_9)
FNDA:2,(anonymous_10)
FNDA:0,(anonymous_11)
FNDA:0,(anonymous_12)
FNDA:0,(anonymous_13)
FNDA:0,(anonymous_14)
FNDA:0,(anonymous_15)
FNDA:2,(anonymous_16)
FNDA:0,(anonymous_17)
DA:5,14
DA:6,14
DA:12,14
DA:13,14
DA:14,14
DA:25,4
DA:26,4
DA:27,4
DA:28,4
DA:32,0
DA:36,0
DA:40,0
DA:44,3
DA:46,3
DA:49,1
DA:52,3
DA:53,3
DA:57,11
DA:59,11
DA:60,0
DA:61,0
DA:68,1
DA:70,1
DA:71,0
DA:72,0
DA:75,1
DA:79,0
DA:81,0
DA:85,0
DA:89,2
DA:90,0
DA:92,2
DA:101,0
DA:102,0
DA:107,0
DA:110,0
DA:111,0
DA:115,0
DA:119,0
DA:123,0
DA:127,0
DA:131,0
DA:138,0
DA:147,2
DA:151,2
LF:45
LH:23
BRDA:11,0,0,14
BRDA:11,1,0,14
BRDA:24,2,0,3
BRDA:28,3,0,4
BRDA:28,3,1,3
BRDA:46,4,0,2
BRDA:46,4,1,1
BRDA:59,5,0,0
BRDA:59,5,1,11
BRDA:70,6,0,0
BRDA:81,7,0,0
BRDA:89,8,0,0
BRDA:89,8,1,2
BRDA:101,9,0,0
BRDA:101,9,1,0
BRDA:107,10,0,0
BRDA:107,10,1,0
BRDA:110,11,0,0
BRF:18
BRH:9
end_of_record
TN:
SF:src\data_structure\HashDictionary.ts
FN:9,(anonymous_0)
FN:21,(anonymous_1)
FN:28,(anonymous_2)
FN:32,(anonymous_3)
FN:36,(anonymous_4)
FN:44,(anonymous_5)
FN:57,(anonymous_6)
FN:86,(anonymous_7)
FN:90,(anonymous_8)
FN:96,(anonymous_9)
FN:106,(anonymous_10)
FN:110,(anonymous_11)
FN:128,(anonymous_12)
FN:137,(anonymous_13)
FN:142,(anonymous_14)
FN:155,(anonymous_15)
FN:156,(anonymous_16)
FNF:17
FNH:9
FNDA:4,(anonymous_0)
FNDA:1,(anonymous_1)
FNDA:1,(anonymous_2)
FNDA:0,(anonymous_3)
FNDA:1,(anonymous_4)
FNDA:0,(anonymous_5)
FNDA:1,(anonymous_6)
FNDA:6,(anonymous_7)
FNDA:1,(anonymous_8)
FNDA:1,(anonymous_9)
FNDA:0,(anonymous_10)
FNDA:0,(anonymous_11)
FNDA:0,(anonymous_12)
FNDA:0,(anonymous_13)
FNDA:1,(anonymous_14)
FNDA:0,(anonymous_15)
FNDA:0,(anonymous_16)
DA:10,4
DA:11,4
DA:22,1
DA:23,1
DA:24,1
DA:25,1
DA:29,1
DA:33,0
DA:41,1
DA:45,0
DA:46,0
DA:47,0
DA:48,0
DA:51,0
DA:54,0
DA:59,1
DA:60,0
DA:63,1
DA:64,1
DA:66,1
DA:72,0
DA:73,0
DA:74,0
DA:78,0
DA:83,1
DA:93,1
DA:97,1
DA:103,1
DA:111,0
DA:112,0
DA:114,0
DA:115,0
DA:129,0
DA:130,0
DA:134,0
DA:138,0
DA:139,0
DA:143,1
DA:145,1
DA:150,1
DA:152,1
DA:153,1
DA:156,0
DA:157,0
DA:158,0
DA:161,0
LF:46
LH:21
BRDA:21,0,0,0
BRDA:24,1,0,1
BRDA:24,1,1,0
BRDA:46,2,0,0
BRDA:47,3,0,0
BRDA:57,4,0,1
BRDA:59,5,0,0
BRDA:66,6,0,1
BRDA:66,6,1,0
BRDA:72,7,0,0
BRDA:73,8,0,0
BRDA:157,9,0,0
BRF:12
BRH:3
end_of_record
TN:
SF:src\data_structure\MyArray.ts
FN:6,(anonymous_0)
FN:10,(anonymous_1)
FN:18,(anonymous_2)
FN:41,(anonymous_3)
FNF:4
FNH:3
FNDA:1,(anonymous_0)
FNDA:3,(anonymous_1)
FNDA:3,(anonymous_2)
FNDA:0,(anonymous_3)
DA:7,1
DA:11,3
DA:19,3
DA:20,0
DA:23,3
DA:24,3
DA:25,0
DA:28,3
DA:29,4
DA:30,2
DA:34,1
DA:42,0
DA:43,0
DA:46,0
DA:47,0
DA:50,0
DA:51,0
DA:52,0
DA:53,0
DA:57,0
LF:20
LH:9
BRDA:18,0,0,1
BRDA:18,1,0,2
BRDA:19,2,0,0
BRDA:24,3,0,0
BRDA:24,4,0,3
BRDA:24,4,1,3
BRDA:29,5,0,2
BRDA:41,6,0,0
BRDA:41,7,0,0
BRDA:42,8,0,0
BRDA:46,9,0,0
BRDA:46,10,0,0
BRDA:46,10,1,0
BRDA:52,11,0,0
BRF:14
BRH:5
end_of_record
TN:
SF:src\data_structure\Queue.ts
FN:6,(anonymous_0)
FN:10,(anonymous_1)
FN:14,(anonymous_2)
FN:18,(anonymous_3)
FN:24,(anonymous_4)
FN:30,(anonymous_5)
FN:38,(anonymous_6)
FN:42,(anonymous_7)
FNF:8
FNH:5
FNDA:1,(anonymous_0)
FNDA:0,(anonymous_1)
FNDA:3,(anonymous_2)
FNDA:1,(anonymous_3)
FNDA:1,(anonymous_4)
FNDA:2,(anonymous_5)
FNDA:0,(anonymous_6)
FNDA:0,(anonymous_7)
DA:7,1
DA:11,0
DA:15,3
DA:21,1
DA:27,1
DA:31,2
DA:35,2
LF:7
LH:6
BRF:0
BRH:0
end_of_record
TN:
SF:src\data_structure\SinglyLinkedList.ts
FN:7,(anonymous_0)
FN:18,(anonymous_1)
FN:24,(anonymous_2)
FN:28,(anonymous_3)
FN:32,(anonymous_4)
FN:36,(anonymous_5)
FN:44,(anonymous_6)
FN:52,(anonymous_7)
FN:66,(anonymous_8)
FN:71,(anonymous_9)
FN:79,(anonymous_10)
FNF:11
FNH:4
FNDA:0,(anonymous_0)
FNDA:1,(anonymous_1)
FNDA:0,(anonymous_2)
FNDA:0,(anonymous_3)
FNDA:0,(anonymous_4)
FNDA:0,(anonymous_5)
FNDA:3,(anonymous_6)
FNDA:1,(anonymous_7)
FNDA:0,(anonymous_8)
FNDA:2,(anonymous_9)
FNDA:0,(anonymous_10)
DA:2,0
DA:8,0
DA:9,0
DA:19,1
DA:20,1
DA:21,1
DA:25,0
DA:29,0
DA:33,0
DA:37,0
DA:45,3
DA:53,1
DA:54,1
DA:55,0
DA:63,1
DA:72,2
DA:76,2
LF:17
LH:9
BRDA:7,0,0,0
BRDA:37,1,0,0
BRDA:45,2,0,0
BRDA:45,2,1,3
BRDA:54,3,0,0
BRF:5
BRH:1
end_of_record
TN:
SF:src\data_structure\Stack.ts
FN:6,(anonymous_0)
FN:10,(anonymous_1)
FN:14,(anonymous_2)
FN:20,(anonymous_3)
FN:24,(anonymous_4)
FN:30,(anonymous_5)
FN:38,(anonymous_6)
FN:42,(anonymous_7)
FNF:8
FNH:5
FNDA:1,(anonymous_0)
FNDA:0,(anonymous_1)
FNDA:1,(anonymous_2)
FNDA:3,(anonymous_3)
FNDA:1,(anonymous_4)
FNDA:2,(anonymous_5)
FNDA:0,(anonymous_6)
FNDA:0,(anonymous_7)
DA:7,1
DA:11,0
DA:17,1
DA:21,3
DA:27,1
DA:31,2
DA:35,2
LF:7
LH:6
BRF:0
BRH:0
end_of_record
TN:
SF:src\util\DefaultGenericComparer.ts
FN:4,(anonymous_0)
FN:8,(anonymous_1)
FN:10,(anonymous_2)
FNF:3
FNH:0
FNDA:0,(anonymous_0)
FNDA:0,(anonymous_1)
FNDA:0,(anonymous_2)
DA:5,0
DA:9,0
DA:10,0
DA:14,4
LF:4
LH:1
BRF:0
BRH:0
end_of_record
TN:
SF:src\util\StringIgnoreCaseComparer.ts
FN:4,(anonymous_0)
FN:8,(anonymous_1)
FN:9,(anonymous_2)
FNF:3
FNH:2
FNDA:0,(anonymous_0)
FNDA:1,(anonymous_1)
FNDA:2,(anonymous_2)
DA:5,0
DA:9,2
DA:13,2
LF:3
LH:2
BRF:0
BRH:0
end_of_record
